

Processing PostController#show (for 203.208.60.104 at 2009-09-12 16:45:37) [GET]
  Parameters: {"id"=>"155"}
Rendering template within layouts/post
Rendering post/show
Completed in 8ms (View: 2, DB: 4) | 200 OK [http://www.shanshui18.com/post/show/155]


Processing ApplicationController#index (for 222.73.173.10 at 2009-09-12 17:02:59) [GET]

ActionController::RoutingError (No route matches "/kpplUserReg.asp" with {:method=>:get}):
  

Rendering /var/www/shanshui18/trunk/public/404.html (404 Not Found)


Processing ApplicationController#index (for 222.73.173.10 at 2009-09-12 17:02:59) [GET]

ActionController::RoutingError (No route matches "/UserReg.asp" with {:method=>:get}):
  

Rendering /var/www/shanshui18/trunk/public/404.html (404 Not Found)


Processing ApplicationController#index (for 222.73.173.10 at 2009-09-12 17:02:59) [GET]

ActionController::RoutingError (No route matches "/UserReg.asp" with {:method=>:get}):
  

Rendering /var/www/shanshui18/trunk/public/404.html (404 Not Found)


Processing ApplicationController#index (for 222.73.173.10 at 2009-09-12 17:02:59) [GET]

ActionController::RoutingError (No route matches "/aeonupfile_flash.asp" with {:method=>:get}):
  

Rendering /var/www/shanshui18/trunk/public/404.html (404 Not Found)


Processing ApplicationController#index (for 222.73.173.10 at 2009-09-12 17:02:59) [GET]

ActionController::RoutingError (No route matches "/upfile_flash.asp" with {:method=>:get}):
  

Rendering /var/www/shanshui18/trunk/public/404.html (404 Not Found)


Processing ApplicationController#index (for 222.73.173.10 at 2009-09-12 17:02:59) [GET]

ActionController::RoutingError (No route matches "/upfile_flash.asp" with {:method=>:get}):
  

Rendering /var/www/shanshui18/trunk/public/404.html (404 Not Found)


Processing ApplicationController#index (for 222.73.173.10 at 2009-09-12 17:02:59) [GET]

ActionController::RoutingError (No route matches "/admin/pnhfupfile_flash.asp" with {:method=>:get}):
  

Rendering /var/www/shanshui18/trunk/public/404.html (404 Not Found)


Processing ApplicationController#index (for 222.73.173.10 at 2009-09-12 17:03:00) [GET]

ActionController::RoutingError (No route matches "/admin/upfile_flash.asp" with {:method=>:get}):
  

Rendering /var/www/shanshui18/trunk/public/404.html (404 Not Found)


Processing ApplicationController#index (for 222.73.173.10 at 2009-09-12 17:03:01) [GET]

ActionController::RoutingError (No route matches "/admin/upfile_flash.asp" with {:method=>:get}):
  

Rendering /var/www/shanshui18/trunk/public/404.html (404 Not Found)


Processing ApplicationController#index (for 222.73.173.10 at 2009-09-12 17:03:01) [GET]

ActionController::RoutingError (No route matches "/admins/bmquupfile_flash.asp" with {:method=>:get}):
  

Rendering /var/www/shanshui18/trunk/public/404.html (404 Not Found)


Processing ApplicationController#index (for 222.73.173.10 at 2009-09-12 17:03:01) [GET]

ActionController::RoutingError (No route matches "/admins/upfile_flash.asp" with {:method=>:get}):
  

Rendering /var/www/shanshui18/trunk/public/404.html (404 Not Found)


Processing ApplicationController#index (for 222.73.173.10 at 2009-09-12 17:03:01) [GET]

ActionController::RoutingError (No route matches "/admins/upfile_flash.asp" with {:method=>:get}):
  

Rendering /var/www/shanshui18/trunk/public/404.html (404 Not Found)


Processing ApplicationController#index (for 222.73.173.10 at 2009-09-12 17:03:01) [GET]

ActionController::RoutingError (No route matches "/include/vdteupfile_flash.asp" with {:method=>:get}):
  

Rendering /var/www/shanshui18/trunk/public/404.html (404 Not Found)


Processing ApplicationController#index (for 222.73.173.10 at 2009-09-12 17:03:01) [GET]

ActionController::RoutingError (No route matches "/include/upfile_flash.asp" with {:method=>:get}):
  

Rendering /var/www/shanshui18/trunk/public/404.html (404 Not Found)


Processing ApplicationController#index (for 222.73.173.10 at 2009-09-12 17:03:01) [GET]

ActionController::RoutingError (No route matches "/include/upfile_flash.asp" with {:method=>:get}):
  

Rendering /var/www/shanshui18/trunk/public/404.html (404 Not Found)


Processing ApplicationController#index (for 222.73.173.10 at 2009-09-12 17:03:01) [GET]

ActionController::RoutingError (No route matches "/CmsEditor/tqtkadmin_login.asp" with {:method=>:get}):
  

Rendering /var/www/shanshui18/trunk/public/404.html (404 Not Found)


Processing ApplicationController#index (for 222.73.173.10 at 2009-09-12 17:03:01) [GET]

ActionController::RoutingError (No route matches "/CmsEditor/admin_login.asp" with {:method=>:get}):
  

Rendering /var/www/shanshui18/trunk/public/404.html (404 Not Found)


Processing ApplicationController#index (for 222.73.173.10 at 2009-09-12 17:03:01) [GET]

ActionController::RoutingError (No route matches "/CmsEditor/admin_login.asp" with {:method=>:get}):
  

Rendering /var/www/shanshui18/trunk/public/404.html (404 Not Found)


Processing ApplicationController#index (for 222.73.173.10 at 2009-09-12 17:03:01) [GET]

ActionController::RoutingError (No route matches "/newsadmin/ubb/borgadmin_login.asp" with {:method=>:get}):
  

Rendering /var/www/shanshui18/trunk/public/404.html (404 Not Found)


Processing ApplicationController#index (for 222.73.173.10 at 2009-09-12 17:03:02) [GET]

ActionController::RoutingError (No route matches "/newsadmin/ubb/admin_login.asp" with {:method=>:get}):
  

Rendering /var/www/shanshui18/trunk/public/404.html (404 Not Found)


Processing ApplicationController#index (for 222.73.173.10 at 2009-09-12 17:03:02) [GET]

ActionController::RoutingError (No route matches "/newsadmin/ubb/admin_login.asp" with {:method=>:get}):
  

Rendering /var/www/shanshui18/trunk/public/404.html (404 Not Found)


Processing ApplicationController#index (for 222.73.173.10 at 2009-09-12 17:03:02) [GET]

ActionController::RoutingError (No route matches "/asp_bin/webeditor/lonhadmin_login.asp" with {:method=>:get}):
  

Rendering /var/www/shanshui18/trunk/public/404.html (404 Not Found)


Processing ApplicationController#index (for 222.73.173.10 at 2009-09-12 17:03:02) [GET]

ActionController::RoutingError (No route matches "/asp_bin/webeditor/admin_login.asp" with {:method=>:get}):
  

Rendering /var/www/shanshui18/trunk/public/404.html (404 Not Found)


Processing ApplicationController#index (for 222.73.173.10 at 2009-09-12 17:03:02) [GET]

ActionController::RoutingError (No route matches "/asp_bin/webeditor/admin_login.asp" with {:method=>:get}):
  

Rendering /var/www/shanshui18/trunk/public/404.html (404 Not Found)


Processing AdminController#webeditor to asp (for 222.73.173.10 at 2009-09-12 17:03:02) [GET]
  Parameters: {"id"=>"oqzuadmin_login"}
Redirected to http://www.shanshui18.com/admin/login
Filter chain halted as [:check_auth] rendered_or_redirected.
Completed in 0ms (DB: 0) | 302 Found [http://www.shanshui18.com/admin/webeditor/oqzuadmin_login.asp]


Processing AdminController#webeditor to asp (for 222.73.173.10 at 2009-09-12 17:03:02) [GET]
  Parameters: {"id"=>"admin_login"}
Redirected to http://www.shanshui18.com/admin/login
Filter chain halted as [:check_auth] rendered_or_redirected.
Completed in 0ms (DB: 0) | 302 Found [http://www.shanshui18.com/admin/webeditor/admin_login.asp]


Processing AdminController#webeditor to asp (for 222.73.173.10 at 2009-09-12 17:03:02) [GET]
  Parameters: {"id"=>"admin_login"}
Redirected to http://www.shanshui18.com/admin/login
Filter chain halted as [:check_auth] rendered_or_redirected.
Completed in 0ms (DB: 0) | 302 Found [http://www.shanshui18.com/admin/webeditor/admin_login.asp]


Processing ApplicationController#index (for 222.73.173.10 at 2009-09-12 17:03:02) [GET]

ActionController::RoutingError (No route matches "/manage/webeditor/cfbeadmin_login.asp" with {:method=>:get}):
  

Rendering /var/www/shanshui18/trunk/public/404.html (404 Not Found)


Processing ApplicationController#index (for 222.73.173.10 at 2009-09-12 17:03:03) [GET]

ActionController::RoutingError (No route matches "/manage/webeditor/admin_login.asp" with {:method=>:get}):
  

Rendering /var/www/shanshui18/trunk/public/404.html (404 Not Found)


Processing ApplicationController#index (for 222.73.173.10 at 2009-09-12 17:03:03) [GET]

ActionController::RoutingError (No route matches "/manage/webeditor/admin_login.asp" with {:method=>:get}):
  

Rendering /var/www/shanshui18/trunk/public/404.html (404 Not Found)


Processing ApplicationController#index (for 222.73.173.10 at 2009-09-12 17:03:03) [GET]

ActionController::RoutingError (No route matches "/webeditor/gwieadmin_login.asp" with {:method=>:get}):
  

Rendering /var/www/shanshui18/trunk/public/404.html (404 Not Found)


Processing ApplicationController#index (for 222.73.173.10 at 2009-09-12 17:03:04) [GET]

ActionController::RoutingError (No route matches "/webeditor/admin_login.asp" with {:method=>:get}):
  

Rendering /var/www/shanshui18/trunk/public/404.html (404 Not Found)


Processing ApplicationController#index (for 222.73.173.10 at 2009-09-12 17:03:04) [GET]

ActionController::RoutingError (No route matches "/webeditor/admin_login.asp" with {:method=>:get}):
  

Rendering /var/www/shanshui18/trunk/public/404.html (404 Not Found)


Processing AdminController#SouthidcEditor to asp (for 222.73.173.10 at 2009-09-12 17:03:04) [GET]
  Parameters: {"id"=>"oxesadmin_login"}
Redirected to http://www.shanshui18.com/admin/login
Filter chain halted as [:check_auth] rendered_or_redirected.
Completed in 0ms (DB: 0) | 302 Found [http://www.shanshui18.com/admin/SouthidcEditor/oxesadmin_login.asp]


Processing AdminController#SouthidcEditor to asp (for 222.73.173.10 at 2009-09-12 17:03:04) [GET]
  Parameters: {"id"=>"admin_login"}
Redirected to http://www.shanshui18.com/admin/login
Filter chain halted as [:check_auth] rendered_or_redirected.
Completed in 0ms (DB: 0) | 302 Found [http://www.shanshui18.com/admin/SouthidcEditor/admin_login.asp]


Processing AdminController#SouthidcEditor to asp (for 222.73.173.10 at 2009-09-12 17:03:04) [GET]
  Parameters: {"id"=>"admin_login"}
Redirected to http://www.shanshui18.com/admin/login
Filter chain halted as [:check_auth] rendered_or_redirected.
Completed in 1ms (DB: 0) | 302 Found [http://www.shanshui18.com/admin/SouthidcEditor/admin_login.asp]


Processing ApplicationController#index (for 222.73.173.10 at 2009-09-12 17:03:04) [GET]

ActionController::RoutingError (No route matches "/ewindoweditor/qcffadmin_login.asp" with {:method=>:get}):
  

Rendering /var/www/shanshui18/trunk/public/404.html (404 Not Found)


Processing ApplicationController#index (for 222.73.173.10 at 2009-09-12 17:03:04) [GET]

ActionController::RoutingError (No route matches "/ewindoweditor/admin_login.asp" with {:method=>:get}):
  

Rendering /var/www/shanshui18/trunk/public/404.html (404 Not Found)


Processing ApplicationController#index (for 222.73.173.10 at 2009-09-12 17:03:05) [GET]

ActionController::RoutingError (No route matches "/ewindoweditor/admin_login.asp" with {:method=>:get}):
  

Rendering /var/www/shanshui18/trunk/public/404.html (404 Not Found)


Processing ApplicationController#index (for 222.73.173.10 at 2009-09-12 17:03:05) [GET]

ActionController::RoutingError (No route matches "/eWebEditor/wledadmin_login.asp" with {:method=>:get}):
  

Rendering /var/www/shanshui18/trunk/public/404.html (404 Not Found)


Processing ApplicationController#index (for 222.73.173.10 at 2009-09-12 17:03:05) [GET]

ActionController::RoutingError (No route matches "/eWebEditor/admin_login.asp" with {:method=>:get}):
  

Rendering /var/www/shanshui18/trunk/public/404.html (404 Not Found)


Processing ApplicationController#index (for 222.73.173.10 at 2009-09-12 17:03:05) [GET]

ActionController::RoutingError (No route matches "/eWebEditor/admin_login.asp" with {:method=>:get}):
  

Rendering /var/www/shanshui18/trunk/public/404.html (404 Not Found)


Processing AdminController#eWebEditor to asp (for 222.73.173.10 at 2009-09-12 17:03:05) [GET]
  Parameters: {"id"=>"bzwradmin_login"}
Redirected to http://www.shanshui18.com/admin/login
Filter chain halted as [:check_auth] rendered_or_redirected.
Completed in 0ms (DB: 0) | 302 Found [http://www.shanshui18.com/admin/eWebEditor/bzwradmin_login.asp]


Processing AdminController#eWebEditor to asp (for 222.73.173.10 at 2009-09-12 17:03:05) [GET]
  Parameters: {"id"=>"admin_login"}
Redirected to http://www.shanshui18.com/admin/login
Filter chain halted as [:check_auth] rendered_or_redirected.
Completed in 0ms (DB: 0) | 302 Found [http://www.shanshui18.com/admin/eWebEditor/admin_login.asp]


Processing AdminController#eWebEditor to asp (for 222.73.173.10 at 2009-09-12 17:03:05) [GET]
  Parameters: {"id"=>"admin_login"}
Redirected to http://www.shanshui18.com/admin/login
Filter chain halted as [:check_auth] rendered_or_redirected.
Completed in 0ms (DB: 0) | 302 Found [http://www.shanshui18.com/admin/eWebEditor/admin_login.asp]


Processing ApplicationController#index (for 222.73.173.10 at 2009-09-12 17:03:05) [GET]

ActionController::RoutingError (No route matches "/WebEdit/dofxadmin_login.asp" with {:method=>:get}):
  

Rendering /var/www/shanshui18/trunk/public/404.html (404 Not Found)


Processing ApplicationController#index (for 222.73.173.10 at 2009-09-12 17:03:05) [GET]

ActionController::RoutingError (No route matches "/WebEdit/admin_login.asp" with {:method=>:get}):
  

Rendering /var/www/shanshui18/trunk/public/404.html (404 Not Found)


Processing ApplicationController#index (for 222.73.173.10 at 2009-09-12 17:03:05) [GET]

ActionController::RoutingError (No route matches "/WebEdit/admin_login.asp" with {:method=>:get}):
  

Rendering /var/www/shanshui18/trunk/public/404.html (404 Not Found)


Processing AdminController#WebEdit to asp (for 222.73.173.10 at 2009-09-12 17:03:06) [GET]
  Parameters: {"id"=>"yroyadmin_login"}
Redirected to http://www.shanshui18.com/admin/login
Filter chain halted as [:check_auth] rendered_or_redirected.
Completed in 0ms (DB: 0) | 302 Found [http://www.shanshui18.com/admin/WebEdit/yroyadmin_login.asp]


Processing AdminController#WebEdit to asp (for 222.73.173.10 at 2009-09-12 17:03:06) [GET]
  Parameters: {"id"=>"admin_login"}
Redirected to http://www.shanshui18.com/admin/login
Filter chain halted as [:check_auth] rendered_or_redirected.
Completed in 0ms (DB: 0) | 302 Found [http://www.shanshui18.com/admin/WebEdit/admin_login.asp]


Processing AdminController#WebEdit to asp (for 222.73.173.10 at 2009-09-12 17:03:06) [GET]
  Parameters: {"id"=>"admin_login"}
Redirected to http://www.shanshui18.com/admin/login
Filter chain halted as [:check_auth] rendered_or_redirected.
Completed in 0ms (DB: 0) | 302 Found [http://www.shanshui18.com/admin/WebEdit/admin_login.asp]


Processing ApplicationController#index (for 222.73.173.10 at 2009-09-12 17:03:06) [GET]

ActionController::RoutingError (No route matches "/manage/eWebEditor/xbekadmin_login.asp" with {:method=>:get}):
  

Rendering /var/www/shanshui18/trunk/public/404.html (404 Not Found)


Processing ApplicationController#index (for 222.73.173.10 at 2009-09-12 17:03:06) [GET]

ActionController::RoutingError (No route matches "/manage/eWebEditor/admin_login.asp" with {:method=>:get}):
  

Rendering /var/www/shanshui18/trunk/public/404.html (404 Not Found)


Processing ApplicationController#index (for 222.73.173.10 at 2009-09-12 17:03:06) [GET]

ActionController::RoutingError (No route matches "/manage/eWebEditor/admin_login.asp" with {:method=>:get}):
  

Rendering /var/www/shanshui18/trunk/public/404.html (404 Not Found)


Processing ApplicationController#index (for 222.73.173.10 at 2009-09-12 17:03:06) [GET]

ActionController::RoutingError (No route matches "/edit/kofwadmin_login.asp" with {:method=>:get}):
  

Rendering /var/www/shanshui18/trunk/public/404.html (404 Not Found)


Processing ApplicationController#index (for 222.73.173.10 at 2009-09-12 17:03:06) [GET]

ActionController::RoutingError (No route matches "/edit/admin_login.asp" with {:method=>:get}):
  

Rendering /var/www/shanshui18/trunk/public/404.html (404 Not Found)


Processing ApplicationController#index (for 222.73.173.10 at 2009-09-12 17:03:06) [GET]

ActionController::RoutingError (No route matches "/edit/admin_login.asp" with {:method=>:get}):
  

Rendering /var/www/shanshui18/trunk/public/404.html (404 Not Found)


Processing AdminController#edit to asp (for 222.73.173.10 at 2009-09-12 17:03:06) [GET]
  Parameters: {"id"=>"itcuadmin_login"}
Redirected to http://www.shanshui18.com/admin/login
Filter chain halted as [:check_auth] rendered_or_redirected.
Completed in 0ms (DB: 0) | 302 Found [http://www.shanshui18.com/admin/edit/itcuadmin_login.asp]


Processing AdminController#edit to asp (for 222.73.173.10 at 2009-09-12 17:03:06) [GET]
  Parameters: {"id"=>"admin_login"}
Redirected to http://www.shanshui18.com/admin/login
Filter chain halted as [:check_auth] rendered_or_redirected.
Completed in 0ms (DB: 0) | 302 Found [http://www.shanshui18.com/admin/edit/admin_login.asp]


Processing AdminController#edit to asp (for 222.73.173.10 at 2009-09-12 17:03:06) [GET]
  Parameters: {"id"=>"admin_login"}
Redirected to http://www.shanshui18.com/admin/login
Filter chain halted as [:check_auth] rendered_or_redirected.
Completed in 0ms (DB: 0) | 302 Found [http://www.shanshui18.com/admin/edit/admin_login.asp]


Processing ApplicationController#index (for 222.73.173.10 at 2009-09-12 17:03:07) [GET]

ActionController::RoutingError (No route matches "/manage/edit/lwypadmin_login.asp" with {:method=>:get}):
  

Rendering /var/www/shanshui18/trunk/public/404.html (404 Not Found)


Processing ApplicationController#index (for 222.73.173.10 at 2009-09-12 17:03:07) [GET]

ActionController::RoutingError (No route matches "/manage/edit/admin_login.asp" with {:method=>:get}):
  

Rendering /var/www/shanshui18/trunk/public/404.html (404 Not Found)


Processing ApplicationController#index (for 222.73.173.10 at 2009-09-12 17:03:07) [GET]

ActionController::RoutingError (No route matches "/manage/edit/admin_login.asp" with {:method=>:get}):
  

Rendering /var/www/shanshui18/trunk/public/404.html (404 Not Found)


Processing ApplicationController#index (for 222.73.173.10 at 2009-09-12 17:03:07) [GET]

ActionController::RoutingError (No route matches "/editor/miiiadmin_login.asp" with {:method=>:get}):
  

Rendering /var/www/shanshui18/trunk/public/404.html (404 Not Found)


Processing ApplicationController#index (for 222.73.173.10 at 2009-09-12 17:03:07) [GET]

ActionController::RoutingError (No route matches "/editor/admin_login.asp" with {:method=>:get}):
  

Rendering /var/www/shanshui18/trunk/public/404.html (404 Not Found)


Processing ApplicationController#index (for 222.73.173.10 at 2009-09-12 17:03:07) [GET]

ActionController::RoutingError (No route matches "/editor/admin_login.asp" with {:method=>:get}):
  

Rendering /var/www/shanshui18/trunk/public/404.html (404 Not Found)


Processing AdminController#editor to asp (for 222.73.173.10 at 2009-09-12 17:03:07) [GET]
  Parameters: {"id"=>"thxyadmin_login"}
Redirected to http://www.shanshui18.com/admin/login
Filter chain halted as [:check_auth] rendered_or_redirected.
Completed in 0ms (DB: 0) | 302 Found [http://www.shanshui18.com/admin/editor/thxyadmin_login.asp]


Processing AdminController#editor to asp (for 222.73.173.10 at 2009-09-12 17:03:07) [GET]
  Parameters: {"id"=>"admin_login"}
Redirected to http://www.shanshui18.com/admin/login
Filter chain halted as [:check_auth] rendered_or_redirected.
Completed in 0ms (DB: 0) | 302 Found [http://www.shanshui18.com/admin/editor/admin_login.asp]


Processing AdminController#editor to asp (for 222.73.173.10 at 2009-09-12 17:03:07) [GET]
  Parameters: {"id"=>"admin_login"}
Redirected to http://www.shanshui18.com/admin/login
Filter chain halted as [:check_auth] rendered_or_redirected.
Completed in 0ms (DB: 0) | 302 Found [http://www.shanshui18.com/admin/editor/admin_login.asp]


Processing ApplicationController#index (for 222.73.173.10 at 2009-09-12 17:03:07) [GET]

ActionController::RoutingError (No route matches "/manage/editor/hkwaadmin_login.asp" with {:method=>:get}):
  

Rendering /var/www/shanshui18/trunk/public/404.html (404 Not Found)


Processing ApplicationController#index (for 222.73.173.10 at 2009-09-12 17:03:07) [GET]

ActionController::RoutingError (No route matches "/manage/editor/admin_login.asp" with {:method=>:get}):
  

Rendering /var/www/shanshui18/trunk/public/404.html (404 Not Found)


Processing ApplicationController#index (for 222.73.173.10 at 2009-09-12 17:03:07) [GET]

ActionController::RoutingError (No route matches "/manage/editor/admin_login.asp" with {:method=>:get}):
  

Rendering /var/www/shanshui18/trunk/public/404.html (404 Not Found)


Processing ApplicationController#index (for 222.73.173.10 at 2009-09-12 17:03:07) [GET]

ActionController::RoutingError (No route matches "/eWeb/jxkqadmin_login.asp" with {:method=>:get}):
  

Rendering /var/www/shanshui18/trunk/public/404.html (404 Not Found)


Processing ApplicationController#index (for 222.73.173.10 at 2009-09-12 17:03:08) [GET]

ActionController::RoutingError (No route matches "/eWeb/admin_login.asp" with {:method=>:get}):
  

Rendering /var/www/shanshui18/trunk/public/404.html (404 Not Found)


Processing ApplicationController#index (for 222.73.173.10 at 2009-09-12 17:03:08) [GET]

ActionController::RoutingError (No route matches "/eWeb/admin_login.asp" with {:method=>:get}):
  

Rendering /var/www/shanshui18/trunk/public/404.html (404 Not Found)


Processing AdminController#eWeb to asp (for 222.73.173.10 at 2009-09-12 17:03:08) [GET]
  Parameters: {"id"=>"illoadmin_login"}
Redirected to http://www.shanshui18.com/admin/login
Filter chain halted as [:check_auth] rendered_or_redirected.
Completed in 0ms (DB: 0) | 302 Found [http://www.shanshui18.com/admin/eWeb/illoadmin_login.asp]


Processing AdminController#eWeb to asp (for 222.73.173.10 at 2009-09-12 17:03:08) [GET]
  Parameters: {"id"=>"admin_login"}
Redirected to http://www.shanshui18.com/admin/login
Filter chain halted as [:check_auth] rendered_or_redirected.
Completed in 0ms (DB: 0) | 302 Found [http://www.shanshui18.com/admin/eWeb/admin_login.asp]


Processing AdminController#eWeb to asp (for 222.73.173.10 at 2009-09-12 17:03:08) [GET]
  Parameters: {"id"=>"admin_login"}
Redirected to http://www.shanshui18.com/admin/login
Filter chain halted as [:check_auth] rendered_or_redirected.
Completed in 0ms (DB: 0) | 302 Found [http://www.shanshui18.com/admin/eWeb/admin_login.asp]


Processing AdminController#htmledit to asp (for 222.73.173.10 at 2009-09-12 17:03:08) [GET]
  Parameters: {"id"=>"ojrcadmin_login"}
Redirected to http://www.shanshui18.com/admin/login
Filter chain halted as [:check_auth] rendered_or_redirected.
Completed in 0ms (DB: 0) | 302 Found [http://www.shanshui18.com/admin/htmledit/ojrcadmin_login.asp]


Processing AdminController#htmledit to asp (for 222.73.173.10 at 2009-09-12 17:03:08) [GET]
  Parameters: {"id"=>"admin_login"}
Redirected to http://www.shanshui18.com/admin/login
Filter chain halted as [:check_auth] rendered_or_redirected.
Completed in 0ms (DB: 0) | 302 Found [http://www.shanshui18.com/admin/htmledit/admin_login.asp]


Processing AdminController#htmledit to asp (for 222.73.173.10 at 2009-09-12 17:03:08) [GET]
  Parameters: {"id"=>"admin_login"}
Redirected to http://www.shanshui18.com/admin/login
Filter chain halted as [:check_auth] rendered_or_redirected.
Completed in 0ms (DB: 0) | 302 Found [http://www.shanshui18.com/admin/htmledit/admin_login.asp]


Processing ApplicationController#index (for 222.73.173.10 at 2009-09-12 17:03:08) [GET]

ActionController::RoutingError (No route matches "/htmledit/gauvadmin_login.asp" with {:method=>:get}):
  

Rendering /var/www/shanshui18/trunk/public/404.html (404 Not Found)


Processing ApplicationController#index (for 222.73.173.10 at 2009-09-12 17:03:08) [GET]

ActionController::RoutingError (No route matches "/htmledit/admin_login.asp" with {:method=>:get}):
  

Rendering /var/www/shanshui18/trunk/public/404.html (404 Not Found)


Processing ApplicationController#index (for 222.73.173.10 at 2009-09-12 17:03:08) [GET]

ActionController::RoutingError (No route matches "/htmledit/admin_login.asp" with {:method=>:get}):
  

Rendering /var/www/shanshui18/trunk/public/404.html (404 Not Found)


Processing ApplicationController#index (for 222.73.173.10 at 2009-09-12 17:03:08) [GET]

ActionController::RoutingError (No route matches "/htmleditor/ctwnadmin_login.asp" with {:method=>:get}):
  

Rendering /var/www/shanshui18/trunk/public/404.html (404 Not Found)


Processing ApplicationController#index (for 222.73.173.10 at 2009-09-12 17:03:08) [GET]

ActionController::RoutingError (No route matches "/htmleditor/admin_login.asp" with {:method=>:get}):
  

Rendering /var/www/shanshui18/trunk/public/404.html (404 Not Found)


Processing ApplicationController#index (for 222.73.173.10 at 2009-09-12 17:03:09) [GET]

ActionController::RoutingError (No route matches "/htmleditor/admin_login.asp" with {:method=>:get}):
  

Rendering /var/www/shanshui18/trunk/public/404.html (404 Not Found)


Processing ApplicationController#index (for 222.73.173.10 at 2009-09-12 17:03:09) [GET]

ActionController::RoutingError (No route matches "/data/ewebeditor/kwndadmin_login.asp" with {:method=>:get}):
  

Rendering /var/www/shanshui18/trunk/public/404.html (404 Not Found)


Processing ApplicationController#index (for 222.73.173.10 at 2009-09-12 17:03:10) [GET]

ActionController::RoutingError (No route matches "/data/ewebeditor/admin_login.asp" with {:method=>:get}):
  

Rendering /var/www/shanshui18/trunk/public/404.html (404 Not Found)


Processing ApplicationController#index (for 222.73.173.10 at 2009-09-12 17:03:10) [GET]

ActionController::RoutingError (No route matches "/data/ewebeditor/admin_login.asp" with {:method=>:get}):
  

Rendering /var/www/shanshui18/trunk/public/404.html (404 Not Found)


Processing ApplicationController#index (for 222.73.173.10 at 2009-09-12 17:03:10) [GET]

ActionController::RoutingError (No route matches "/admin888/ewebeditor/emsmadmin_login.asp" with {:method=>:get}):
  

Rendering /var/www/shanshui18/trunk/public/404.html (404 Not Found)


Processing ApplicationController#index (for 222.73.173.10 at 2009-09-12 17:03:10) [GET]

ActionController::RoutingError (No route matches "/admin888/ewebeditor/admin_login.asp" with {:method=>:get}):
  

Rendering /var/www/shanshui18/trunk/public/404.html (404 Not Found)


Processing ApplicationController#index (for 222.73.173.10 at 2009-09-12 17:03:10) [GET]

ActionController::RoutingError (No route matches "/admin888/ewebeditor/admin_login.asp" with {:method=>:get}):
  

Rendering /var/www/shanshui18/trunk/public/404.html (404 Not Found)


Processing ApplicationController#index (for 222.73.173.10 at 2009-09-12 17:03:11) [GET]

ActionController::RoutingError (No route matches "/admin/pro_admin/htmledit/vdduadmin_login.asp" with {:method=>:get}):
  

Rendering /var/www/shanshui18/trunk/public/404.html (404 Not Found)


Processing ApplicationController#index (for 222.73.173.10 at 2009-09-12 17:03:11) [GET]

ActionController::RoutingError (No route matches "/admin/pro_admin/htmledit/admin_login.asp" with {:method=>:get}):
  

Rendering /var/www/shanshui18/trunk/public/404.html (404 Not Found)


Processing ApplicationController#index (for 222.73.173.10 at 2009-09-12 17:03:11) [GET]

ActionController::RoutingError (No route matches "/admin/pro_admin/htmledit/admin_login.asp" with {:method=>:get}):
  

Rendering /var/www/shanshui18/trunk/public/404.html (404 Not Found)


Processing ApplicationController#index (for 222.73.173.10 at 2009-09-12 17:03:11) [GET]

ActionController::RoutingError (No route matches "/webadmin/webaction/zrvdadmin_login.asp" with {:method=>:get}):
  

Rendering /var/www/shanshui18/trunk/public/404.html (404 Not Found)


Processing ApplicationController#index (for 222.73.173.10 at 2009-09-12 17:03:11) [GET]

ActionController::RoutingError (No route matches "/webadmin/webaction/admin_login.asp" with {:method=>:get}):
  

Rendering /var/www/shanshui18/trunk/public/404.html (404 Not Found)


Processing ApplicationController#index (for 222.73.173.10 at 2009-09-12 17:03:11) [GET]

ActionController::RoutingError (No route matches "/webadmin/webaction/admin_login.asp" with {:method=>:get}):
  

Rendering /var/www/shanshui18/trunk/public/404.html (404 Not Found)


Processing PostController#index (for 221.194.136.243 at 2009-09-12 17:51:56) [GET]
Rendering template within layouts/post
Rendering post/index
Completed in 14ms (View: 4, DB: 8) | 200 OK [http://www.shanshui18.com/post]
